<?xml version="1.0" encoding="UTF-8"?>
<testsuite name="TestPayrollGenerator" tests="6" skipped="0" failures="1" errors="0" timestamp="2025-02-11T03:48:58" hostname="aqdeMacBook-Air.local" time="0.114">
  <properties/>
  <testcase name="testHourlyEmployeePayroll_Overtime()" classname="TestPayrollGenerator" time="0.041"/>
  <testcase name="testFinalPayStub()" classname="TestPayrollGenerator" time="0.051">
    <failure message="org.opentest4j.AssertionFailedError: expected: &lt;employee_name,net_pay,taxes,ytd_earnings,ytd_taxes_paid&#10;Luffy,1102.24,322.76,21102.24,4852.76&#10;Nami,5672.33,1661.0,22689.33,6644.0&#10;Light Yagami,773.5,226.5,10773.5,2491.5&#10;Misa Amane,4447.63,1302.38,16447.62,4802.38&#10;Edward Elric,3029.54,887.13,14029.54,3220.13&#10;Eren Yeager,541.45,158.55,6541.45,1517.55&#10;Mikasa Ackerman,3635.45,1064.55,13635.45,3397.55&#10;&gt; but was: &lt;employee_name,net_pay,taxes,ytd_earnings,ytd_taxes_paid&#10;Luffy,1102.24,322.76,21425.00,4852.76&#10;Nami,5672.33,1661.00,25350.33,6644.00&#10;Light Yagami,773.50,226.50,11000.00,2491.50&#10;Misa Amane,4447.62,1302.38,18250.00,4802.38&#10;Edward Elric,3029.54,887.13,15166.67,3220.13&#10;Eren Yeager,541.45,158.55,6700.00,1517.55&#10;Mikasa Ackerman,3635.45,1064.55,15000.00,3397.55&#10;&gt;" type="org.opentest4j.AssertionFailedError">org.opentest4j.AssertionFailedError: expected: &lt;employee_name,net_pay,taxes,ytd_earnings,ytd_taxes_paid
Luffy,1102.24,322.76,21102.24,4852.76
Nami,5672.33,1661.0,22689.33,6644.0
Light Yagami,773.5,226.5,10773.5,2491.5
Misa Amane,4447.63,1302.38,16447.62,4802.38
Edward Elric,3029.54,887.13,14029.54,3220.13
Eren Yeager,541.45,158.55,6541.45,1517.55
Mikasa Ackerman,3635.45,1064.55,13635.45,3397.55
&gt; but was: &lt;employee_name,net_pay,taxes,ytd_earnings,ytd_taxes_paid
Luffy,1102.24,322.76,21425.00,4852.76
Nami,5672.33,1661.00,25350.33,6644.00
Light Yagami,773.50,226.50,11000.00,2491.50
Misa Amane,4447.62,1302.38,18250.00,4802.38
Edward Elric,3029.54,887.13,15166.67,3220.13
Eren Yeager,541.45,158.55,6700.00,1517.55
Mikasa Ackerman,3635.45,1064.55,15000.00,3397.55
&gt;
	at org.junit.jupiter.api.AssertionFailureBuilder.build(AssertionFailureBuilder.java:151)
	at org.junit.jupiter.api.AssertionFailureBuilder.buildAndThrow(AssertionFailureBuilder.java:132)
	at org.junit.jupiter.api.AssertEquals.failNotEqual(AssertEquals.java:197)
	at org.junit.jupiter.api.AssertEquals.assertEquals(AssertEquals.java:182)
	at org.junit.jupiter.api.AssertEquals.assertEquals(AssertEquals.java:177)
	at org.junit.jupiter.api.Assertions.assertEquals(Assertions.java:1145)
	at TestPayrollGenerator.testFinalPayStub(TestPayrollGenerator.java:60)
	at java.base/java.lang.reflect.Method.invoke(Method.java:569)
	at java.base/java.util.ArrayList.forEach(ArrayList.java:1511)
	at java.base/java.util.ArrayList.forEach(ArrayList.java:1511)
</failure>
  </testcase>
  <testcase name="testBuildHourlyEmployeeFromCSV()" classname="TestPayrollGenerator" time="0.002"/>
  <testcase name="testSimplePayStubToCSV()" classname="TestPayrollGenerator" time="0.002"/>
  <testcase name="testHourlyEmployeePayroll_NormalHours()" classname="TestPayrollGenerator" time="0.002"/>
  <testcase name="testBuildSalaryEmployeeFromCSV()" classname="TestPayrollGenerator" time="0.001"/>
  <system-out><![CDATA[]]></system-out>
  <system-err><![CDATA[]]></system-err>
</testsuite>
